<?xml version="1.0" encoding="UTF-8"?>
<testsuite name="com.eurobuddha.pandadex.DexProcessorRecoveryTest" tests="11" skipped="0" failures="0" errors="0" timestamp="2026-09-10T10:25:35" hostname="ProMacBuddha.local" time="0.026">
  <properties/>
  <testcase name="otherCoinsCanRenewWithExistingLimitsAndBothOwnershipFactors" classname="com.eurobuddha.pandadex.DexProcessorRecoveryTest" time="0.021"/>
  <testcase name="pendingOwnerCancellationBlocksAutomaticRenewalAndExpiredRefund" classname="com.eurobuddha.pandadex.DexProcessorRecoveryTest" time="0.001"/>
  <testcase name="unreadableReceiptsOrMarkerTypesPauseWithoutOverwriting" classname="com.eurobuddha.pandadex.DexProcessorRecoveryTest" time="0.0"/>
  <testcase name="legacyAndMalformedOwnerReceiptsDoNotAllowBlindRetry" classname="com.eurobuddha.pandadex.DexProcessorRecoveryTest" time="0.0"/>
  <testcase name="failedCallbackMarkerRemovalRetainsUnknownReceiptAndDoesNotCrash" classname="com.eurobuddha.pandadex.DexProcessorRecoveryTest" time="0.001"/>
  <testcase name="realExpiredRefundEntryPointRequiresReceiptStoreBeforeNodeAccess" classname="com.eurobuddha.pandadex.DexProcessorRecoveryTest" time="0.0"/>
  <testcase name="lostRenewalReplyPreventsRetryPastSixBlocksAndAfterRestart" classname="com.eurobuddha.pandadex.DexProcessorRecoveryTest" time="0.001"/>
  <testcase name="failedMarkerCommitPreventsAnyTransaction" classname="com.eurobuddha.pandadex.DexProcessorRecoveryTest" time="0.0"/>
  <testcase name="definitivelyUnsubmittedAttemptMayRetry" classname="com.eurobuddha.pandadex.DexProcessorRecoveryTest" time="0.001"/>
  <testcase name="lostExpiredRefundReplyIsJournalledAndNotRetriedAfterRestart" classname="com.eurobuddha.pandadex.DexProcessorRecoveryTest" time="0.0"/>
  <testcase name="acceptedReceiptSurvivesPacingExpiryAndTemporaryBookAbsence" classname="com.eurobuddha.pandadex.DexProcessorRecoveryTest" time="0.001"/>
  <system-out><![CDATA[]]></system-out>
  <system-err><![CDATA[]]></system-err>
</testsuite>
