<?xml version="1.0" encoding="UTF-8"?>
<testsuite name="com.eurobuddha.pandadex.MakerPositionTest" tests="3" skipped="0" failures="0" errors="0" timestamp="2026-09-10T09:18:31" hostname="ProMacBuddha.local" time="0.0">
  <properties/>
  <testcase name="exactBuyFundingSurvivesPreparedAcceptedAndReloadedStages" classname="com.eurobuddha.pandadex.MakerPositionTest" time="0.0"/>
  <testcase name="differentFundingTokenOrIncreasedBalanceRequiresReview" classname="com.eurobuddha.pandadex.MakerPositionTest" time="0.0"/>
  <testcase name="legacySellBaselineUsesItsFundedMinimaAmount" classname="com.eurobuddha.pandadex.MakerPositionTest" time="0.0"/>
  <system-out><![CDATA[]]></system-out>
  <system-err><![CDATA[]]></system-err>
</testsuite>
